{"C:\\Users\\sehar\\alchemy\\career-track-one\\Database-sim\\lib\\file-system.js": {"path":"C:\\Users\\sehar\\alchemy\\career-track-one\\Database-sim\\lib\\file-system.js","statementMap":{"0":{"start":{"line":1,"column":11},"end":{"line":1,"column":33}},"1":{"start":{"line":4,"column":2},"end":{"line":6,"column":56}},"2":{"start":{"line":5,"column":21},"end":{"line":5,"column":40}},"3":{"start":{"line":6,"column":18},"end":{"line":6,"column":54}},"4":{"start":{"line":9,"column":22},"end":{"line":9,"column":42}},"5":{"start":{"line":10,"column":2},"end":{"line":12,"column":57}},"6":{"start":{"line":11,"column":16},"end":{"line":11,"column":20}},"7":{"start":{"line":12,"column":18},"end":{"line":12,"column":55}},"8":{"start":{"line":15,"column":2},"end":{"line":21,"column":59}},"9":{"start":{"line":17,"column":6},"end":{"line":19,"column":10}},"10":{"start":{"line":18,"column":8},"end":{"line":18,"column":43}},"11":{"start":{"line":21,"column":18},"end":{"line":21,"column":57}},"12":{"start":{"line":24,"column":2},"end":{"line":25,"column":54}},"13":{"start":{"line":25,"column":18},"end":{"line":25,"column":52}},"14":{"start":{"line":28,"column":2},"end":{"line":33,"column":58}},"15":{"start":{"line":30,"column":6},"end":{"line":30,"column":22}},"16":{"start":{"line":31,"column":6},"end":{"line":31,"column":21}},"17":{"start":{"line":33,"column":18},"end":{"line":33,"column":56}},"18":{"start":{"line":37,"column":2},"end":{"line":41,"column":7}},"19":{"start":{"line":39,"column":22},"end":{"line":39,"column":41}},"20":{"start":{"line":40,"column":6},"end":{"line":40,"column":38}},"21":{"start":{"line":45,"column":0},"end":{"line":52,"column":2}}},"fnMap":{"0":{"name":"readJSON","decl":{"start":{"line":3,"column":9},"end":{"line":3,"column":17}},"loc":{"start":{"line":3,"column":24},"end":{"line":7,"column":1}},"line":3},"1":{"name":"(anonymous_1)","decl":{"start":{"line":5,"column":10},"end":{"line":5,"column":11}},"loc":{"start":{"line":5,"column":21},"end":{"line":5,"column":40}},"line":5},"2":{"name":"(anonymous_2)","decl":{"start":{"line":6,"column":11},"end":{"line":6,"column":12}},"loc":{"start":{"line":6,"column":18},"end":{"line":6,"column":54}},"line":6},"3":{"name":"writeJSON","decl":{"start":{"line":8,"column":9},"end":{"line":8,"column":18}},"loc":{"start":{"line":8,"column":31},"end":{"line":13,"column":1}},"line":8},"4":{"name":"(anonymous_4)","decl":{"start":{"line":11,"column":10},"end":{"line":11,"column":11}},"loc":{"start":{"line":11,"column":16},"end":{"line":11,"column":20}},"line":11},"5":{"name":"(anonymous_5)","decl":{"start":{"line":12,"column":11},"end":{"line":12,"column":12}},"loc":{"start":{"line":12,"column":18},"end":{"line":12,"column":55}},"line":12},"6":{"name":"readDirJSON","decl":{"start":{"line":14,"column":9},"end":{"line":14,"column":20}},"loc":{"start":{"line":14,"column":27},"end":{"line":22,"column":1}},"line":14},"7":{"name":"(anonymous_7)","decl":{"start":{"line":16,"column":10},"end":{"line":16,"column":11}},"loc":{"start":{"line":16,"column":19},"end":{"line":20,"column":5}},"line":16},"8":{"name":"(anonymous_8)","decl":{"start":{"line":17,"column":35},"end":{"line":17,"column":36}},"loc":{"start":{"line":17,"column":43},"end":{"line":19,"column":7}},"line":17},"9":{"name":"(anonymous_9)","decl":{"start":{"line":21,"column":11},"end":{"line":21,"column":12}},"loc":{"start":{"line":21,"column":18},"end":{"line":21,"column":57}},"line":21},"10":{"name":"mkdirp","decl":{"start":{"line":23,"column":9},"end":{"line":23,"column":15}},"loc":{"start":{"line":23,"column":22},"end":{"line":26,"column":1}},"line":23},"11":{"name":"(anonymous_11)","decl":{"start":{"line":25,"column":11},"end":{"line":25,"column":12}},"loc":{"start":{"line":25,"column":18},"end":{"line":25,"column":52}},"line":25},"12":{"name":"deleteFile","decl":{"start":{"line":27,"column":9},"end":{"line":27,"column":19}},"loc":{"start":{"line":27,"column":26},"end":{"line":34,"column":1}},"line":27},"13":{"name":"(anonymous_13)","decl":{"start":{"line":29,"column":10},"end":{"line":29,"column":11}},"loc":{"start":{"line":29,"column":21},"end":{"line":32,"column":5}},"line":29},"14":{"name":"(anonymous_14)","decl":{"start":{"line":33,"column":11},"end":{"line":33,"column":12}},"loc":{"start":{"line":33,"column":18},"end":{"line":33,"column":56}},"line":33},"15":{"name":"updateJSON","decl":{"start":{"line":36,"column":9},"end":{"line":36,"column":19}},"loc":{"start":{"line":36,"column":31},"end":{"line":42,"column":1}},"line":36},"16":{"name":"(anonymous_16)","decl":{"start":{"line":38,"column":10},"end":{"line":38,"column":11}},"loc":{"start":{"line":38,"column":18},"end":{"line":41,"column":5}},"line":38}},"branchMap":{},"s":{"0":2,"1":20,"2":16,"3":0,"4":8,"5":8,"6":8,"7":0,"8":3,"9":3,"10":10,"11":0,"12":2,"13":0,"14":6,"15":2,"16":2,"17":0,"18":2,"19":2,"20":2,"21":2},"f":{"0":20,"1":16,"2":0,"3":8,"4":8,"5":0,"6":3,"7":3,"8":10,"9":0,"10":2,"11":0,"12":6,"13":2,"14":0,"15":2,"16":2},"b":{},"_coverageSchema":"1a1c01bbd47fc00a2c39e90264f33305004495a9","hash":"a5b3def4a6aa77baf80f750a7e4c04293c84e7e9"}
,"C:\\Users\\sehar\\alchemy\\career-track-one\\Database-sim\\lib\\model.js": {"path":"C:\\Users\\sehar\\alchemy\\career-track-one\\Database-sim\\lib\\model.js","statementMap":{"0":{"start":{"line":2,"column":13},"end":{"line":2,"column":31}},"1":{"start":{"line":10,"column":4},"end":{"line":10,"column":31}},"2":{"start":{"line":12,"column":0},"end":{"line":35,"column":2}},"3":{"start":{"line":14,"column":4},"end":{"line":14,"column":31}},"4":{"start":{"line":15,"column":4},"end":{"line":15,"column":25}},"5":{"start":{"line":16,"column":4},"end":{"line":16,"column":22}},"6":{"start":{"line":19,"column":16},"end":{"line":19,"column":22}},"7":{"start":{"line":20,"column":22},"end":{"line":20,"column":47}},"8":{"start":{"line":21,"column":4},"end":{"line":21,"column":72}},"9":{"start":{"line":24,"column":4},"end":{"line":24,"column":59}},"10":{"start":{"line":27,"column":4},"end":{"line":27,"column":47}},"11":{"start":{"line":30,"column":4},"end":{"line":30,"column":39}},"12":{"start":{"line":33,"column":4},"end":{"line":33,"column":49}}},"fnMap":{"0":{"name":"(anonymous_0)","decl":{"start":{"line":13,"column":2},"end":{"line":13,"column":3}},"loc":{"start":{"line":13,"column":33},"end":{"line":17,"column":3}},"line":13},"1":{"name":"(anonymous_1)","decl":{"start":{"line":18,"column":2},"end":{"line":18,"column":3}},"loc":{"start":{"line":18,"column":14},"end":{"line":22,"column":3}},"line":18},"2":{"name":"(anonymous_2)","decl":{"start":{"line":23,"column":2},"end":{"line":23,"column":3}},"loc":{"start":{"line":23,"column":34},"end":{"line":25,"column":3}},"line":23},"3":{"name":"(anonymous_3)","decl":{"start":{"line":26,"column":2},"end":{"line":26,"column":3}},"loc":{"start":{"line":26,"column":14},"end":{"line":28,"column":3}},"line":26},"4":{"name":"(anonymous_4)","decl":{"start":{"line":29,"column":2},"end":{"line":29,"column":3}},"loc":{"start":{"line":29,"column":8},"end":{"line":31,"column":3}},"line":29},"5":{"name":"(anonymous_5)","decl":{"start":{"line":32,"column":2},"end":{"line":32,"column":3}},"loc":{"start":{"line":32,"column":24},"end":{"line":34,"column":3}},"line":32}},"branchMap":{},"s":{"0":1,"1":1,"2":1,"3":1,"4":1,"5":1,"6":5,"7":5,"8":5,"9":1,"10":1,"11":1,"12":1},"f":{"0":1,"1":5,"2":1,"3":1,"4":1,"5":1},"b":{},"_coverageSchema":"1a1c01bbd47fc00a2c39e90264f33305004495a9","hash":"a59ec3c344bf3c76ab4182f9f68767432a36ddaa"}
}
