{"C:\\Users\\sehar\\alchemy\\career-track-one\\Database-sim\\lib\\schema.js": {"path":"C:\\Users\\sehar\\alchemy\\career-track-one\\Database-sim\\lib\\schema.js","statementMap":{"0":{"start":{"line":4,"column":4},"end":{"line":4,"column":45}},"1":{"start":{"line":5,"column":4},"end":{"line":5,"column":55}},"2":{"start":{"line":8,"column":4},"end":{"line":8,"column":52}},"3":{"start":{"line":13,"column":0},"end":{"line":13,"column":24}}},"fnMap":{"0":{"name":"(anonymous_0)","decl":{"start":{"line":3,"column":2},"end":{"line":3,"column":3}},"loc":{"start":{"line":3,"column":32},"end":{"line":6,"column":3}},"line":3},"1":{"name":"(anonymous_1)","decl":{"start":{"line":7,"column":2},"end":{"line":7,"column":3}},"loc":{"start":{"line":7,"column":16},"end":{"line":10,"column":3}},"line":7}},"branchMap":{},"s":{"0":1,"1":1,"2":2,"3":1},"f":{"0":1,"1":2},"b":{},"_coverageSchema":"1a1c01bbd47fc00a2c39e90264f33305004495a9","hash":"1e268036636ab7f23df95938c69124daa292e281"}
,"C:\\Users\\sehar\\alchemy\\career-track-one\\Database-sim\\lib\\types.js": {"path":"C:\\Users\\sehar\\alchemy\\career-track-one\\Database-sim\\lib\\types.js","statementMap":{"0":{"start":{"line":1,"column":17},"end":{"line":1,"column":47}},"1":{"start":{"line":1,"column":24},"end":{"line":1,"column":47}},"2":{"start":{"line":2,"column":17},"end":{"line":2,"column":47}},"3":{"start":{"line":2,"column":24},"end":{"line":2,"column":47}},"4":{"start":{"line":3,"column":18},"end":{"line":3,"column":49}},"5":{"start":{"line":3,"column":25},"end":{"line":3,"column":49}},"6":{"start":{"line":4,"column":16},"end":{"line":4,"column":41}},"7":{"start":{"line":4,"column":23},"end":{"line":4,"column":41}},"8":{"start":{"line":5,"column":17},"end":{"line":5,"column":64}},"9":{"start":{"line":5,"column":24},"end":{"line":5,"column":64}},"10":{"start":{"line":6,"column":19},"end":{"line":6,"column":51}},"11":{"start":{"line":6,"column":26},"end":{"line":6,"column":51}},"12":{"start":{"line":8,"column":21},"end":{"line":13,"column":1}},"13":{"start":{"line":9,"column":2},"end":{"line":9,"column":32}},"14":{"start":{"line":9,"column":21},"end":{"line":9,"column":32}},"15":{"start":{"line":10,"column":17},"end":{"line":10,"column":28}},"16":{"start":{"line":11,"column":2},"end":{"line":11,"column":54}},"17":{"start":{"line":11,"column":21},"end":{"line":11,"column":54}},"18":{"start":{"line":12,"column":2},"end":{"line":12,"column":16}},"19":{"start":{"line":14,"column":21},"end":{"line":19,"column":1}},"20":{"start":{"line":15,"column":2},"end":{"line":15,"column":32}},"21":{"start":{"line":15,"column":21},"end":{"line":15,"column":32}},"22":{"start":{"line":16,"column":17},"end":{"line":16,"column":28}},"23":{"start":{"line":17,"column":2},"end":{"line":17,"column":75}},"24":{"start":{"line":17,"column":42},"end":{"line":17,"column":75}},"25":{"start":{"line":18,"column":2},"end":{"line":18,"column":16}},"26":{"start":{"line":20,"column":22},"end":{"line":25,"column":1}},"27":{"start":{"line":21,"column":2},"end":{"line":21,"column":33}},"28":{"start":{"line":21,"column":22},"end":{"line":21,"column":33}},"29":{"start":{"line":22,"column":2},"end":{"line":22,"column":49}},"30":{"start":{"line":22,"column":36},"end":{"line":22,"column":49}},"31":{"start":{"line":23,"column":2},"end":{"line":23,"column":47}},"32":{"start":{"line":23,"column":35},"end":{"line":23,"column":47}},"33":{"start":{"line":24,"column":2},"end":{"line":24,"column":36}},"34":{"start":{"line":30,"column":17},"end":{"line":30,"column":26}},"35":{"start":{"line":31,"column":4},"end":{"line":31,"column":49}},"36":{"start":{"line":32,"column":4},"end":{"line":32,"column":21}},"37":{"start":{"line":33,"column":4},"end":{"line":33,"column":23}},"38":{"start":{"line":37,"column":16},"end":{"line":41,"column":1}},"39":{"start":{"line":43,"column":18},"end":{"line":45,"column":1}},"40":{"start":{"line":44,"column":2},"end":{"line":44,"column":36}},"41":{"start":{"line":47,"column":0},"end":{"line":60,"column":2}}},"fnMap":{"0":{"name":"(anonymous_0)","decl":{"start":{"line":1,"column":17},"end":{"line":1,"column":18}},"loc":{"start":{"line":1,"column":24},"end":{"line":1,"column":47}},"line":1},"1":{"name":"(anonymous_1)","decl":{"start":{"line":2,"column":17},"end":{"line":2,"column":18}},"loc":{"start":{"line":2,"column":24},"end":{"line":2,"column":47}},"line":2},"2":{"name":"(anonymous_2)","decl":{"start":{"line":3,"column":18},"end":{"line":3,"column":19}},"loc":{"start":{"line":3,"column":25},"end":{"line":3,"column":49}},"line":3},"3":{"name":"(anonymous_3)","decl":{"start":{"line":4,"column":16},"end":{"line":4,"column":17}},"loc":{"start":{"line":4,"column":23},"end":{"line":4,"column":41}},"line":4},"4":{"name":"(anonymous_4)","decl":{"start":{"line":5,"column":17},"end":{"line":5,"column":18}},"loc":{"start":{"line":5,"column":24},"end":{"line":5,"column":64}},"line":5},"5":{"name":"(anonymous_5)","decl":{"start":{"line":6,"column":19},"end":{"line":6,"column":20}},"loc":{"start":{"line":6,"column":26},"end":{"line":6,"column":51}},"line":6},"6":{"name":"(anonymous_6)","decl":{"start":{"line":8,"column":21},"end":{"line":8,"column":22}},"loc":{"start":{"line":8,"column":28},"end":{"line":13,"column":1}},"line":8},"7":{"name":"(anonymous_7)","decl":{"start":{"line":14,"column":21},"end":{"line":14,"column":22}},"loc":{"start":{"line":14,"column":28},"end":{"line":19,"column":1}},"line":14},"8":{"name":"(anonymous_8)","decl":{"start":{"line":20,"column":22},"end":{"line":20,"column":23}},"loc":{"start":{"line":20,"column":29},"end":{"line":25,"column":1}},"line":20},"9":{"name":"(anonymous_9)","decl":{"start":{"line":29,"column":2},"end":{"line":29,"column":3}},"loc":{"start":{"line":29,"column":27},"end":{"line":34,"column":3}},"line":29},"10":{"name":"(anonymous_10)","decl":{"start":{"line":43,"column":18},"end":{"line":43,"column":19}},"loc":{"start":{"line":43,"column":26},"end":{"line":45,"column":1}},"line":43}},"branchMap":{"0":{"loc":{"start":{"line":5,"column":24},"end":{"line":5,"column":64}},"type":"binary-expr","locations":[{"start":{"line":5,"column":24},"end":{"line":5,"column":47}},{"start":{"line":5,"column":51},"end":{"line":5,"column":64}}],"line":5},"1":{"loc":{"start":{"line":9,"column":2},"end":{"line":9,"column":32}},"type":"if","locations":[{"start":{"line":9,"column":2},"end":{"line":9,"column":32}},{"start":{"line":9,"column":2},"end":{"line":9,"column":32}}],"line":9},"2":{"loc":{"start":{"line":11,"column":2},"end":{"line":11,"column":54}},"type":"if","locations":[{"start":{"line":11,"column":2},"end":{"line":11,"column":54}},{"start":{"line":11,"column":2},"end":{"line":11,"column":54}}],"line":11},"3":{"loc":{"start":{"line":15,"column":2},"end":{"line":15,"column":32}},"type":"if","locations":[{"start":{"line":15,"column":2},"end":{"line":15,"column":32}},{"start":{"line":15,"column":2},"end":{"line":15,"column":32}}],"line":15},"4":{"loc":{"start":{"line":17,"column":2},"end":{"line":17,"column":75}},"type":"if","locations":[{"start":{"line":17,"column":2},"end":{"line":17,"column":75}},{"start":{"line":17,"column":2},"end":{"line":17,"column":75}}],"line":17},"5":{"loc":{"start":{"line":17,"column":6},"end":{"line":17,"column":40}},"type":"binary-expr","locations":[{"start":{"line":17,"column":6},"end":{"line":17,"column":29}},{"start":{"line":17,"column":33},"end":{"line":17,"column":40}}],"line":17},"6":{"loc":{"start":{"line":21,"column":2},"end":{"line":21,"column":33}},"type":"if","locations":[{"start":{"line":21,"column":2},"end":{"line":21,"column":33}},{"start":{"line":21,"column":2},"end":{"line":21,"column":33}}],"line":21},"7":{"loc":{"start":{"line":22,"column":2},"end":{"line":22,"column":49}},"type":"if","locations":[{"start":{"line":22,"column":2},"end":{"line":22,"column":49}},{"start":{"line":22,"column":2},"end":{"line":22,"column":49}}],"line":22},"8":{"loc":{"start":{"line":22,"column":6},"end":{"line":22,"column":34}},"type":"binary-expr","locations":[{"start":{"line":22,"column":6},"end":{"line":22,"column":21}},{"start":{"line":22,"column":25},"end":{"line":22,"column":34}}],"line":22},"9":{"loc":{"start":{"line":23,"column":2},"end":{"line":23,"column":47}},"type":"if","locations":[{"start":{"line":23,"column":2},"end":{"line":23,"column":47}},{"start":{"line":23,"column":2},"end":{"line":23,"column":47}}],"line":23},"10":{"loc":{"start":{"line":23,"column":6},"end":{"line":23,"column":33}},"type":"binary-expr","locations":[{"start":{"line":23,"column":6},"end":{"line":23,"column":20}},{"start":{"line":23,"column":24},"end":{"line":23,"column":33}}],"line":23},"11":{"loc":{"start":{"line":44,"column":9},"end":{"line":44,"column":35}},"type":"binary-expr","locations":[{"start":{"line":44,"column":9},"end":{"line":44,"column":27}},{"start":{"line":44,"column":31},"end":{"line":44,"column":35}}],"line":44}},"s":{"0":2,"1":13,"2":2,"3":12,"4":2,"5":14,"6":2,"7":6,"8":2,"9":5,"10":2,"11":6,"12":2,"13":7,"14":1,"15":6,"16":6,"17":2,"18":4,"19":2,"20":8,"21":3,"22":5,"23":5,"24":2,"25":3,"26":2,"27":9,"28":0,"29":9,"30":2,"31":7,"32":2,"33":5,"34":9,"35":9,"36":9,"37":9,"38":2,"39":2,"40":5,"41":2},"f":{"0":13,"1":12,"2":14,"3":6,"4":5,"5":6,"6":7,"7":8,"8":9,"9":9,"10":5},"b":{"0":[5,2],"1":[1,6],"2":[2,4],"3":[3,5],"4":[2,3],"5":[5,3],"6":[0,9],"7":[2,7],"8":[9,8],"9":[2,5],"10":[7,6],"11":[5,1]},"_coverageSchema":"1a1c01bbd47fc00a2c39e90264f33305004495a9","hash":"f974b76843db87c012361cd5bea1e3aa64e6d7a8"}
,"C:\\Users\\sehar\\alchemy\\career-track-one\\Database-sim\\lib\\validator.js": {"path":"C:\\Users\\sehar\\alchemy\\career-track-one\\Database-sim\\lib\\validator.js","statementMap":{"0":{"start":{"line":3,"column":4},"end":{"line":3,"column":25}},"1":{"start":{"line":7,"column":4},"end":{"line":7,"column":29}},"2":{"start":{"line":8,"column":4},"end":{"line":8,"column":39}},"3":{"start":{"line":12,"column":4},"end":{"line":14,"column":5}},"4":{"start":{"line":13,"column":6},"end":{"line":13,"column":69}},"5":{"start":{"line":15,"column":4},"end":{"line":15,"column":77}},"6":{"start":{"line":15,"column":65},"end":{"line":15,"column":77}},"7":{"start":{"line":16,"column":19},"end":{"line":16,"column":53}},"8":{"start":{"line":17,"column":4},"end":{"line":17,"column":38}},"9":{"start":{"line":21,"column":0},"end":{"line":21,"column":27}}},"fnMap":{"0":{"name":"(anonymous_0)","decl":{"start":{"line":6,"column":2},"end":{"line":6,"column":3}},"loc":{"start":{"line":6,"column":39},"end":{"line":9,"column":3}},"line":6},"1":{"name":"(anonymous_1)","decl":{"start":{"line":10,"column":2},"end":{"line":10,"column":3}},"loc":{"start":{"line":10,"column":16},"end":{"line":18,"column":3}},"line":10}},"branchMap":{"0":{"loc":{"start":{"line":12,"column":4},"end":{"line":14,"column":5}},"type":"if","locations":[{"start":{"line":12,"column":4},"end":{"line":14,"column":5}},{"start":{"line":12,"column":4},"end":{"line":14,"column":5}}],"line":12},"1":{"loc":{"start":{"line":12,"column":8},"end":{"line":12,"column":62}},"type":"binary-expr","locations":[{"start":{"line":12,"column":8},"end":{"line":12,"column":35}},{"start":{"line":12,"column":39},"end":{"line":12,"column":62}}],"line":12},"2":{"loc":{"start":{"line":15,"column":4},"end":{"line":15,"column":77}},"type":"if","locations":[{"start":{"line":15,"column":4},"end":{"line":15,"column":77}},{"start":{"line":15,"column":4},"end":{"line":15,"column":77}}],"line":15},"3":{"loc":{"start":{"line":15,"column":8},"end":{"line":15,"column":63}},"type":"binary-expr","locations":[{"start":{"line":15,"column":8},"end":{"line":15,"column":36}},{"start":{"line":15,"column":40},"end":{"line":15,"column":63}}],"line":15}},"s":{"0":1,"1":3,"2":3,"3":6,"4":2,"5":4,"6":1,"7":3,"8":3,"9":1},"f":{"0":3,"1":6},"b":{"0":[2,4],"1":[6,4],"2":[1,3],"3":[4,2]},"_coverageSchema":"1a1c01bbd47fc00a2c39e90264f33305004495a9","hash":"4640ec85fa05629744d1fddecbf677d252a19c4a"}
}
