TN:
SF:lib\file-system.js
FN:3,readJSON
FN:5,(anonymous_1)
FN:6,(anonymous_2)
FN:8,writeJSON
FN:11,(anonymous_4)
FN:12,(anonymous_5)
FN:14,readDirJSON
FN:16,(anonymous_7)
FN:17,(anonymous_8)
FN:21,(anonymous_9)
FN:23,mkdirp
FN:25,(anonymous_11)
FN:27,deleteFile
FN:29,(anonymous_13)
FN:32,updateJSON
FN:34,(anonymous_15)
FN:51,playAround
FNF:17
FNH:12
FNDA:7,readJSON
FNDA:7,(anonymous_1)
FNDA:0,(anonymous_2)
FNDA:5,writeJSON
FNDA:5,(anonymous_4)
FNDA:0,(anonymous_5)
FNDA:2,readDirJSON
FNDA:2,(anonymous_7)
FNDA:4,(anonymous_8)
FNDA:0,(anonymous_9)
FNDA:2,mkdirp
FNDA:0,(anonymous_11)
FNDA:1,deleteFile
FNDA:0,(anonymous_13)
FNDA:1,updateJSON
FNDA:1,(anonymous_15)
FNDA:1,playAround
DA:1,1
DA:4,7
DA:5,7
DA:6,0
DA:9,5
DA:10,5
DA:11,5
DA:12,0
DA:15,2
DA:17,2
DA:18,4
DA:21,0
DA:24,2
DA:25,0
DA:28,1
DA:29,0
DA:33,1
DA:35,1
DA:36,1
DA:41,1
DA:55,1
DA:58,1
DA:65,1
DA:78,1
DA:81,1
DA:83,1
DA:86,1
DA:88,1
DA:93,0
DA:97,0
DA:100,0
DA:103,0
DA:106,1
LF:33
LH:24
BRF:0
BRH:0
end_of_record
