TN:
SF:lib\types.js
FN:1,(anonymous_0)
FN:2,(anonymous_1)
FN:3,(anonymous_2)
FN:4,(anonymous_3)
FN:5,(anonymous_4)
FN:6,(anonymous_5)
FN:8,(anonymous_6)
FN:14,(anonymous_7)
FN:20,(anonymous_8)
FN:29,(anonymous_9)
FN:43,(anonymous_10)
FNF:11
FNH:11
FNDA:14,(anonymous_0)
FNDA:13,(anonymous_1)
FNDA:14,(anonymous_2)
FNDA:6,(anonymous_3)
FNDA:5,(anonymous_4)
FNDA:6,(anonymous_5)
FNDA:8,(anonymous_6)
FNDA:9,(anonymous_7)
FNDA:9,(anonymous_8)
FNDA:9,(anonymous_9)
FNDA:7,(anonymous_10)
DA:1,14
DA:2,13
DA:3,14
DA:4,6
DA:5,5
DA:6,6
DA:8,2
DA:9,8
DA:10,7
DA:11,7
DA:12,5
DA:14,2
DA:15,9
DA:16,6
DA:17,6
DA:18,4
DA:20,2
DA:21,9
DA:22,9
DA:23,7
DA:24,5
DA:30,9
DA:31,9
DA:32,9
DA:33,9
DA:37,2
DA:43,2
DA:44,7
DA:47,2
LF:29
LH:29
BRDA:5,0,0,5
BRDA:5,0,1,2
BRDA:9,1,0,1
BRDA:9,1,1,7
BRDA:11,2,0,2
BRDA:11,2,1,5
BRDA:15,3,0,3
BRDA:15,3,1,6
BRDA:17,4,0,2
BRDA:17,4,1,4
BRDA:17,5,0,6
BRDA:17,5,1,4
BRDA:21,6,0,0
BRDA:21,6,1,9
BRDA:22,7,0,2
BRDA:22,7,1,7
BRDA:22,8,0,9
BRDA:22,8,1,8
BRDA:23,9,0,2
BRDA:23,9,1,5
BRDA:23,10,0,7
BRDA:23,10,1,6
BRDA:44,11,0,7
BRDA:44,11,1,1
BRF:24
BRH:23
end_of_record
TN:
SF:lib\validator.js
FN:10,(anonymous_0)
FN:14,(anonymous_1)
FNF:2
FNH:2
FNDA:3,(anonymous_0)
FNDA:5,(anonymous_1)
DA:7,1
DA:11,3
DA:12,3
DA:16,5
DA:17,5
DA:18,5
DA:19,4
DA:21,1
DA:26,1
DA:30,1
DA:34,1
DA:37,1
LF:12
LH:12
BRDA:18,0,0,4
BRDA:18,0,1,1
BRDA:21,1,0,1
BRDA:21,1,1,0
BRF:4
BRH:3
end_of_record
